<?xml version="1.0" encoding="UTF-8"?>
<coverage generated="1771174611237" clover="3.2.0">
  <project timestamp="1771174611237" name="All files">
    <metrics statements="29" coveredstatements="27" conditionals="12" coveredconditionals="7" methods="7" coveredmethods="6" elements="48" coveredelements="40" complexity="0" loc="29" ncloc="29" packages="1" files="1" classes="1"/>
    <file name="carousel.tsx" path="/Users/atrishabh/Documents/Dev/Secured v2-react-native project/rn-app/app/(auth)/carousel.tsx">
      <metrics statements="29" coveredstatements="27" conditionals="12" coveredconditionals="7" methods="7" coveredmethods="6"/>
      <line num="33" count="1" type="stmt"/>
      <line num="36" count="1" type="stmt"/>
      <line num="51" count="1" type="stmt"/>
      <line num="72" count="1" type="stmt"/>
      <line num="96" count="1" type="stmt"/>
      <line num="130" count="36" type="stmt"/>
      <line num="131" count="36" type="stmt"/>
      <line num="134" count="36" type="cond" truecount="2" falsecount="0"/>
      <line num="136" count="36" type="stmt"/>
      <line num="137" count="36" type="stmt"/>
      <line num="140" count="36" type="stmt"/>
      <line num="141" count="36" type="cond" truecount="4" falsecount="0"/>
      <line num="142" count="3" type="stmt"/>
      <line num="143" count="3" type="stmt"/>
      <line num="144" count="3" type="stmt"/>
      <line num="149" count="36" type="stmt"/>
      <line num="150" count="4" type="stmt"/>
      <line num="151" count="4" type="stmt"/>
      <line num="154" count="36" type="stmt"/>
      <line num="156" count="0" type="cond" truecount="0" falsecount="4"/>
      <line num="157" count="0" type="stmt"/>
      <line num="163" count="36" type="stmt"/>
      <line num="168" count="36" type="stmt"/>
      <line num="170" count="36" type="stmt"/>
      <line num="171" count="108" type="stmt"/>
      <line num="220" count="36" type="cond" truecount="1" falsecount="1"/>
      <line num="222" count="36" type="stmt"/>
      <line num="241" count="144" type="stmt"/>
      <line num="257" count="1" type="stmt"/>
    </file>
  </project>
</coverage>
