{"/Users/atrishabh/Documents/Dev/Secured v2-react-native project/rn-app/app/(auth)/carousel.tsx": {"path":"/Users/atrishabh/Documents/Dev/Secured v2-react-native project/rn-app/app/(auth)/carousel.tsx","statementMap":{"0":{"start":{"line":33,"column":32},"end":{"line":33,"column":56}},"1":{"start":{"line":36,"column":21},"end":{"line":48,"column":10}},"2":{"start":{"line":51,"column":25},"end":{"line":66,"column":10}},"3":{"start":{"line":72,"column":19},"end":{"line":77,"column":10}},"4":{"start":{"line":96,"column":24},"end":{"line":127,"column":1}},"5":{"start":{"line":130,"column":17},"end":{"line":130,"column":28}},"6":{"start":{"line":131,"column":19},"end":{"line":131,"column":60}},"7":{"start":{"line":134,"column":22},"end":{"line":134,"column":97}},"8":{"start":{"line":136,"column":40},"end":{"line":136,"column":61}},"9":{"start":{"line":137,"column":22},"end":{"line":137,"column":44}},"10":{"start":{"line":140,"column":2},"end":{"line":147,"column":13}},"11":{"start":{"line":141,"column":4},"end":{"line":146,"column":5}},"12":{"start":{"line":142,"column":26},"end":{"line":142,"column":90}},"13":{"start":{"line":143,"column":6},"end":{"line":145,"column":14}},"14":{"start":{"line":144,"column":8},"end":{"line":144,"column":84}},"15":{"start":{"line":149,"column":21},"end":{"line":152,"column":14}},"16":{"start":{"line":150,"column":4},"end":{"line":150,"column":59}},"17":{"start":{"line":151,"column":4},"end":{"line":151,"column":35}},"18":{"start":{"line":154,"column":33},"end":{"line":161,"column":3}},"19":{"start":{"line":156,"column":6},"end":{"line":158,"column":7}},"20":{"start":{"line":157,"column":8},"end":{"line":157,"column":47}},"21":{"start":{"line":163,"column":28},"end":{"line":165,"column":12}},"22":{"start":{"line":168,"column":28},"end":{"line":168,"column":99}},"23":{"start":{"line":170,"column":22},"end":{"line":217,"column":31}},"24":{"start":{"line":171,"column":4},"end":{"line":216,"column":11}},"25":{"start":{"line":220,"column":33},"end":{"line":220,"column":82}},"26":{"start":{"line":222,"column":2},"end":{"line":254,"column":4}},"27":{"start":{"line":241,"column":32},"end":{"line":241,"column":39}},"28":{"start":{"line":257,"column":15},"end":{"line":331,"column":2}}},"fnMap":{"0":{"name":"CarouselScreen","decl":{"start":{"line":129,"column":24},"end":{"line":129,"column":38}},"loc":{"start":{"line":129,"column":41},"end":{"line":255,"column":1}},"line":129},"1":{"name":"(anonymous_1)","decl":{"start":{"line":140,"column":12},"end":{"line":140,"column":13}},"loc":{"start":{"line":140,"column":18},"end":{"line":147,"column":3}},"line":140},"2":{"name":"(anonymous_2)","decl":{"start":{"line":143,"column":17},"end":{"line":143,"column":18}},"loc":{"start":{"line":143,"column":23},"end":{"line":145,"column":7}},"line":143},"3":{"name":"(anonymous_3)","decl":{"start":{"line":149,"column":33},"end":{"line":149,"column":34}},"loc":{"start":{"line":149,"column":39},"end":{"line":152,"column":3}},"line":149},"4":{"name":"(anonymous_4)","decl":{"start":{"line":155,"column":4},"end":{"line":155,"column":5}},"loc":{"start":{"line":155,"column":59},"end":{"line":159,"column":5}},"line":155},"5":{"name":"(anonymous_5)","decl":{"start":{"line":170,"column":34},"end":{"line":170,"column":35}},"loc":{"start":{"line":171,"column":4},"end":{"line":216,"column":11}},"line":171},"6":{"name":"(anonymous_6)","decl":{"start":{"line":241,"column":22},"end":{"line":241,"column":23}},"loc":{"start":{"line":241,"column":32},"end":{"line":241,"column":39}},"line":241}},"branchMap":{"0":{"loc":{"start":{"line":134,"column":22},"end":{"line":134,"column":97}},"type":"cond-expr","locations":[{"start":{"line":134,"column":29},"end":{"line":134,"column":93}},{"start":{"line":134,"column":96},"end":{"line":134,"column":97}}],"line":134},"1":{"loc":{"start":{"line":141,"column":4},"end":{"line":146,"column":5}},"type":"if","locations":[{"start":{"line":141,"column":4},"end":{"line":146,"column":5}},{"start":{},"end":{}}],"line":141},"2":{"loc":{"start":{"line":141,"column":8},"end":{"line":141,"column":35}},"type":"binary-expr","locations":[{"start":{"line":141,"column":8},"end":{"line":141,"column":12}},{"start":{"line":141,"column":16},"end":{"line":141,"column":35}}],"line":141},"3":{"loc":{"start":{"line":156,"column":6},"end":{"line":158,"column":7}},"type":"if","locations":[{"start":{"line":156,"column":6},"end":{"line":158,"column":7}},{"start":{},"end":{}}],"line":156},"4":{"loc":{"start":{"line":156,"column":10},"end":{"line":156,"column":69}},"type":"binary-expr","locations":[{"start":{"line":156,"column":10},"end":{"line":156,"column":34}},{"start":{"line":156,"column":38},"end":{"line":156,"column":69}}],"line":156},"5":{"loc":{"start":{"line":220,"column":33},"end":{"line":220,"column":82}},"type":"binary-expr","locations":[{"start":{"line":220,"column":33},"end":{"line":220,"column":69}},{"start":{"line":220,"column":73},"end":{"line":220,"column":82}}],"line":220}},"s":{"0":1,"1":1,"2":1,"3":1,"4":1,"5":36,"6":36,"7":36,"8":36,"9":36,"10":36,"11":36,"12":3,"13":3,"14":3,"15":36,"16":4,"17":4,"18":36,"19":0,"20":0,"21":36,"22":36,"23":36,"24":108,"25":36,"26":36,"27":144,"28":1},"f":{"0":36,"1":36,"2":3,"3":4,"4":0,"5":108,"6":144},"b":{"0":[3,33],"1":[3,33],"2":[36,3],"3":[0,0],"4":[0,0],"5":[36,0]},"_coverageSchema":"1a1c01bbd47fc00a2c39e90264f33305004495a9","hash":"936b8b0185b3218583f8c5bce6166306a85b83f2"}
}
