TN:
SF:app/(auth)/carousel.tsx
FN:129,CarouselScreen
FN:140,(anonymous_1)
FN:143,(anonymous_2)
FN:149,(anonymous_3)
FN:155,(anonymous_4)
FN:170,(anonymous_5)
FN:241,(anonymous_6)
FNF:7
FNH:6
FNDA:36,CarouselScreen
FNDA:36,(anonymous_1)
FNDA:3,(anonymous_2)
FNDA:4,(anonymous_3)
FNDA:0,(anonymous_4)
FNDA:108,(anonymous_5)
FNDA:144,(anonymous_6)
DA:33,1
DA:36,1
DA:51,1
DA:72,1
DA:96,1
DA:130,36
DA:131,36
DA:134,36
DA:136,36
DA:137,36
DA:140,36
DA:141,36
DA:142,3
DA:143,3
DA:144,3
DA:149,36
DA:150,4
DA:151,4
DA:154,36
DA:156,0
DA:157,0
DA:163,36
DA:168,36
DA:170,36
DA:171,108
DA:220,36
DA:222,36
DA:241,144
DA:257,1
LF:29
LH:27
BRDA:134,0,0,3
BRDA:134,0,1,33
BRDA:141,1,0,3
BRDA:141,1,1,33
BRDA:141,2,0,36
BRDA:141,2,1,3
BRDA:156,3,0,0
BRDA:156,3,1,0
BRDA:156,4,0,0
BRDA:156,4,1,0
BRDA:220,5,0,36
BRDA:220,5,1,0
BRF:12
BRH:7
end_of_record
